2025-03-09 15:17:25 INFO  com_testcase_registerpage:27 - User is on the Register Page with URL Used is :=>https://demo.guru99.com/test/newtours/register.php
2025-03-09 15:17:26 INFO  com_testcase_registerpage:35 - ***************This Steps included adding the data for ContactInformation***************
2025-03-09 15:17:29 INFO  com_testcase_registerpage:36 - User enters Firstname and the Xpath isneelam
2025-03-09 15:17:29 INFO  com_testcase_registerpage:38 - User enters lastname and the Xpath istest
2025-03-09 15:17:30 INFO  com_testcase_registerpage:40 - User enters phone and the Xpath isneelam
2025-03-09 15:17:30 INFO  com_testcase_registerpage:42 - ***************This Steps ended for ContactInformation***************
2025-03-09 15:32:01 INFO  driverIntializer:22 - User is on the Register Page with URL Used is :=>https://demo.guru99.com/test/newtours/register.php
2025-03-09 15:32:02 INFO  com_testcase_registerpage:35 - ***************This Steps included adding the data for ContactInformation***************
2025-03-09 15:32:03 INFO  com_testcase_registerpage:36 - User enters Firstname and the Xpath isneelam
2025-03-09 15:32:03 INFO  com_testcase_registerpage:38 - User enters lastname and the Xpath istest
2025-03-09 15:32:04 INFO  com_testcase_registerpage:40 - User enters phone and the Xpath isneelam
2025-03-09 15:32:04 INFO  com_testcase_registerpage:42 - ***************This Steps ended for ContactInformation***************
2025-03-09 15:54:57 INFO  driverIntializer:22 - User is on the Register Page with URL Used is :=>https://demo.guru99.com/test/newtours/register.php
2025-03-09 15:54:58 INFO  com_testcase_registerpage:35 - ***************This Steps included adding the data for ContactInformation***************
2025-03-09 15:54:59 INFO  com_testcase_registerpage:36 - User enters Firstname and the Xpath isneelam
2025-03-09 15:54:59 INFO  com_testcase_registerpage:38 - User enters lastname and the Xpath istest
2025-03-09 15:55:00 INFO  com_testcase_registerpage:40 - User enters phone and the Xpath isneelam
2025-03-09 15:55:00 INFO  com_testcase_registerpage:42 - ***************This Steps ended for ContactInformation***************
2025-03-09 15:59:07 INFO  driverIntializer:22 - User is on the Register Page with URL Used is :=>https://demo.guru99.com/test/newtours/register.php
2025-03-09 15:59:07 INFO  com_testcase_registerpage:35 - ***************This Steps included adding the data for ContactInformation***************
2025-03-09 15:59:09 INFO  com_testcase_registerpage:36 - User enters Firstname and the Xpath isneelam
2025-03-09 15:59:09 INFO  com_testcase_registerpage:38 - User enters lastname and the Xpath istest
2025-03-09 15:59:10 INFO  com_testcase_registerpage:40 - User enters phone and the Xpath isneelam
2025-03-09 15:59:10 INFO  com_testcase_registerpage:42 - ***************This Steps ended for ContactInformation***************
2025-03-09 16:00:08 INFO  driverIntializer:22 - User is on the Register Page with URL Used is :=>https://demo.guru99.com/test/newtours/register.php
2025-03-09 16:00:09 INFO  com_testcase_registerpage:35 - ***************This Steps included adding the data for ContactInformation***************
2025-03-09 16:00:10 INFO  com_testcase_registerpage:36 - User enters Firstname and the Xpath isneelam
2025-03-09 16:00:10 INFO  com_testcase_registerpage:38 - User enters lastname and the Xpath istest
2025-03-09 16:00:11 INFO  com_testcase_registerpage:40 - User enters phone and the Xpath isneelam
2025-03-09 16:00:11 INFO  com_testcase_registerpage:42 - ***************This Steps ended for ContactInformation***************
2025-03-09 16:07:18 INFO  driverIntializer:22 - User is on the Register Page with URL Used is :=>https://demo.guru99.com/test/newtours/register.php
2025-03-09 16:07:19 INFO  com_testcase_registerpage:35 - ***************This Steps included adding the data for ContactInformation***************
2025-03-09 16:07:20 INFO  com_testcase_registerpage:36 - User enters Firstname and the Xpath isneelam
2025-03-09 16:07:20 INFO  com_testcase_registerpage:38 - User enters lastname and the Xpath istest
2025-03-09 16:07:21 INFO  com_testcase_registerpage:40 - User enters phone and the Xpath isneelam
2025-03-09 16:07:21 INFO  com_testcase_registerpage:42 - ***************This Steps ended for ContactInformation***************
2025-03-09 16:28:09 INFO  driverIntializer:22 - User is on the Register Page with URL Used is :=>https://demo.guru99.com/test/newtours/register.php
2025-03-09 16:28:09 INFO  com_testcase_registerpage:35 - ***************This Steps included adding the data for ContactInformation***************
2025-03-09 16:28:11 INFO  com_testcase_registerpage:36 - User enters Firstname and the Xpath isneelam
2025-03-09 16:28:13 INFO  com_testcase_registerpage:38 - User enters lastname and the Xpath istest
2025-03-09 16:28:13 INFO  com_testcase_registerpage:40 - User enters phone and the Xpath isneelam
2025-03-09 16:28:13 INFO  com_testcase_registerpage:42 - ***************This Steps ended for ContactInformation***************
2025-03-09 16:30:31 INFO  driverIntializer:22 - User is on the Register Page with URL Used is :=>https://demo.guru99.com/test/newtours/register.php
2025-03-09 16:30:31 INFO  com_testcase_registerpage:35 - ***************This Steps included adding the data for ContactInformation***************
2025-03-09 16:30:32 INFO  com_testcase_registerpage:36 - User enters Firstname and the Xpath isneelam
2025-03-09 16:30:33 INFO  com_testcase_registerpage:38 - User enters lastname and the Xpath istest
2025-03-09 16:30:34 INFO  com_testcase_registerpage:40 - User enters phone and the Xpath isneelam
2025-03-09 16:30:34 INFO  com_testcase_registerpage:42 - ***************This Steps ended for ContactInformation***************
2025-03-09 16:38:00 INFO  driverIntializer:22 - User is on the Register Page with URL Used is :=>https://demo.guru99.com/test/newtours/register.php
2025-03-09 16:38:00 INFO  com_testcase_registerpage:35 - ***************This Steps included adding the data for ContactInformation***************
2025-03-09 16:38:02 INFO  com_testcase_registerpage:36 - User enters Firstname and the Xpath isneelam
2025-03-09 16:38:02 INFO  com_testcase_registerpage:38 - User enters lastname and the Xpath istest
2025-03-09 16:38:03 INFO  com_testcase_registerpage:40 - User enters phone and the Xpath isneelam
2025-03-09 16:38:03 INFO  com_testcase_registerpage:42 - ***************This Steps ended for ContactInformation***************
2025-03-09 16:39:19 INFO  driverIntializer:22 - User is on the Register Page with URL Used is :=>https://demo.guru99.com/test/newtours/register.php
2025-03-09 16:39:19 INFO  com_testcase_registerpage:35 - ***************This Steps included adding the data for ContactInformation***************
2025-03-09 16:39:20 INFO  com_testcase_registerpage:36 - User enters Firstname and the Xpath isneelam
2025-03-09 16:39:20 INFO  com_testcase_registerpage:38 - User enters lastname and the Xpath istest
2025-03-09 16:39:21 INFO  com_testcase_registerpage:40 - User enters phone and the Xpath isneelam
2025-03-09 16:39:21 INFO  com_testcase_registerpage:42 - ***************This Steps ended for ContactInformation***************
2025-03-09 16:41:53 INFO  driverIntializer:22 - User is on the Register Page with URL Used is :=>https://demo.guru99.com/test/newtours/register.php
2025-03-09 16:41:53 INFO  com_testcase_registerpage:35 - ***************This Steps included adding the data for ContactInformation***************
2025-03-09 16:41:56 INFO  com_testcase_registerpage:36 - User enters Firstname and the Xpath isneelam
2025-03-09 16:41:56 INFO  com_testcase_registerpage:38 - User enters lastname and the Xpath istest
2025-03-09 16:41:57 INFO  com_testcase_registerpage:40 - User enters phone and the Xpath isneelam
2025-03-09 16:41:57 INFO  com_testcase_registerpage:42 - ***************This Steps ended for ContactInformation***************
2025-03-09 16:44:33 INFO  driverIntializer:22 - User is on the Register Page with URL Used is :=>https://demo.guru99.com/test/newtours/register.php
2025-03-09 16:44:33 INFO  com_testcase_registerpage:35 - ***************This Steps included adding the data for ContactInformation***************
2025-03-09 16:44:34 INFO  com_testcase_registerpage:36 - User enters Firstname and the Xpath isneelam
2025-03-09 16:44:35 INFO  com_testcase_registerpage:38 - User enters lastname and the Xpath istest
2025-03-09 16:44:35 INFO  com_testcase_registerpage:40 - User enters phone and the Xpath isneelam
2025-03-09 16:44:35 INFO  com_testcase_registerpage:42 - ***************This Steps ended for ContactInformation***************
2025-03-09 16:46:41 INFO  driverIntializer:22 - User is on the Register Page with URL Used is :=>https://demo.guru99.com/test/newtours/register.php
2025-03-09 16:46:42 INFO  com_testcase_registerpage:35 - ***************This Steps included adding the data for ContactInformation***************
2025-03-09 16:46:43 INFO  com_testcase_registerpage:36 - User enters Firstname and the Xpath isneelam
2025-03-09 16:46:44 INFO  com_testcase_registerpage:38 - User enters lastname and the Xpath istest
2025-03-09 16:46:44 INFO  com_testcase_registerpage:40 - User enters phone and the Xpath isneelam
2025-03-09 16:46:44 INFO  com_testcase_registerpage:42 - ***************This Steps ended for ContactInformation***************
2025-03-09 16:50:14 INFO  driverIntializer:22 - User is on the Register Page with URL Used is :=>https://demo.guru99.com/test/newtours/register.php
2025-03-09 16:50:14 INFO  com_testcase_registerpage:35 - ***************This Steps included adding the data for ContactInformation***************
2025-03-09 16:50:15 INFO  com_testcase_registerpage:36 - User enters Firstname and the Xpath isneelam
2025-03-09 16:50:16 INFO  com_testcase_registerpage:38 - User enters lastname and the Xpath istest
2025-03-09 16:50:16 INFO  com_testcase_registerpage:40 - User enters phone and the Xpath isneelam
2025-03-09 16:50:16 INFO  com_testcase_registerpage:42 - ***************This Steps ended for ContactInformation***************
2025-03-09 16:55:55 INFO  driverIntializer:22 - User is on the Register Page with URL Used is :=>https://demo.guru99.com/test/newtours/register.php
2025-03-09 16:55:56 INFO  com_testcase_registerpage:36 - ***************This Steps included adding the data for ContactInformation***************
2025-03-09 16:55:58 INFO  com_testcase_registerpage:37 - User enters Firstname and the Xpath isneelam
2025-03-09 16:55:59 INFO  com_testcase_registerpage:39 - User enters lastname and the Xpath istest
2025-03-09 16:55:59 INFO  com_testcase_registerpage:41 - User enters phone and the Xpath isneelam
2025-03-09 16:55:59 INFO  com_testcase_registerpage:43 - ***************This Steps ended for ContactInformation***************
2025-03-09 16:56:43 INFO  driverIntializer:22 - User is on the Register Page with URL Used is :=>https://demo.guru99.com/test/newtours/register.php
2025-03-09 16:56:43 INFO  com_testcase_registerpage:36 - ***************This Steps included adding the data for ContactInformation***************
2025-03-09 16:56:44 INFO  com_testcase_registerpage:37 - User enters Firstname and the Xpath isneelam
2025-03-09 16:56:45 INFO  com_testcase_registerpage:39 - User enters lastname and the Xpath istest
2025-03-09 16:56:45 INFO  com_testcase_registerpage:41 - User enters phone and the Xpath isneelam
2025-03-09 16:56:45 INFO  com_testcase_registerpage:43 - ***************This Steps ended for ContactInformation***************
2025-03-09 16:58:34 INFO  driverIntializer:22 - User is on the Register Page with URL Used is :=>https://demo.guru99.com/test/newtours/register.php
2025-03-09 16:58:34 INFO  com_testcase_registerpage:37 - ***************This Steps included adding the data for ContactInformation***************
2025-03-09 16:58:35 INFO  com_testcase_registerpage:38 - User enters Firstname and the Xpath isneelam
2025-03-09 16:58:36 INFO  com_testcase_registerpage:40 - User enters lastname and the Xpath istest
2025-03-09 16:58:36 INFO  com_testcase_registerpage:42 - User enters phone and the Xpath isneelam
2025-03-09 16:58:36 INFO  com_testcase_registerpage:44 - ***************This Steps ended for ContactInformation***************
2025-03-09 17:14:05 INFO  driverIntializer:22 - User is on the Register Page with URL Used is :=>https://demo.guru99.com/test/newtours/register.php
2025-03-09 17:14:05 INFO  com_testcase_registerpage:41 - ***************This Steps included adding the data for ContactInformation***************
2025-03-09 17:14:07 INFO  com_testcase_registerpage:42 - User enters Firstname and the Xpath isneelam
2025-03-09 17:14:08 INFO  com_testcase_registerpage:44 - User enters lastname and the Xpath istest
2025-03-09 17:14:09 INFO  com_testcase_registerpage:46 - User enters phone and the Xpath isneelam
2025-03-09 17:14:09 INFO  com_testcase_registerpage:48 - ***************This Steps ended for ContactInformation***************
2025-03-15 07:40:28 INFO  driverIntializer:22 - User is on the Register Page with URL Used is :=>https://demo.guru99.com/test/newtours/register.php
2025-03-15 07:41:05 INFO  driverIntializer:22 - User is on the Register Page with URL Used is :=>https://demo.guru99.com/test/newtours/register.php
2025-03-15 07:41:46 INFO  driverIntializer:22 - User is on the Register Page with URL Used is :=>https://demo.guru99.com/test/newtours/register.php
2025-03-15 07:41:56 INFO  seleniumUIActions:79 - alert is accepted
2025-03-15 07:46:40 INFO  driverIntializer:22 - User is on the Register Page with URL Used is :=>https://demo.guru99.com/test/newtours/register.php
2025-03-15 07:46:44 INFO  seleniumUIActions:79 - alert is accepted
2025-03-15 07:48:29 INFO  driverIntializer:22 - User is on the Register Page with URL Used is :=>https://demo.guru99.com/test/newtours/register.php
2025-03-15 07:48:32 INFO  seleniumUIActions:77 - alert message is I am an alert box!
2025-03-15 07:48:32 INFO  seleniumUIActions:81 - alert is accepted
2025-03-15 08:05:34 INFO  driverIntializer:22 - User is on the Register Page with URL Used is :=>https://demo.guru99.com/test/newtours/register.php
2025-03-15 08:05:45 INFO  seleniumUIActions:99 - alert message is Please enter your name:
2025-03-15 08:05:45 INFO  seleniumUIActions:104 - alert is accepted
2025-03-15 08:05:47 INFO  seleniumUIActions:78 - alert message is I am an alert box!
2025-03-15 08:05:47 INFO  seleniumUIActions:82 - alert is accepted
2025-03-15 08:15:17 INFO  driverIntializer:22 - User is on the Register Page with URL Used is :=>https://demo.guru99.com/test/newtours/register.php
2025-03-15 08:15:17 INFO  com_testcase_registerpage:52 - fierst
2025-03-15 08:15:20 INFO  seleniumUIActions:99 - alert message is Please enter your name:
2025-03-15 08:15:20 INFO  seleniumUIActions:104 - alert is accepted
2025-03-15 08:15:21 INFO  seleniumUIActions:78 - alert message is I am an alert box!
2025-03-15 08:15:21 INFO  seleniumUIActions:82 - alert is accepted
2025-03-15 08:18:08 INFO  driverIntializer:22 - User is on the Register Page with URL Used is :=>https://demo.guru99.com/test/newtours/register.php
2025-03-15 08:18:11 INFO  seleniumUIActions:78 - alert message is I am an alert box!
2025-03-15 08:18:12 INFO  seleniumUIActions:82 - alert is accepted
2025-03-15 08:18:13 INFO  seleniumUIActions:99 - alert message is Please enter your name:
2025-03-15 08:18:13 INFO  seleniumUIActions:104 - alert is accepted
2025-03-22 07:17:31 INFO  driverIntializer:22 - User is on the Register Page with URL Used is :=>https://demo.guru99.com/test/newtours/register.php
2025-03-22 07:20:36 INFO  driverIntializer:22 - User is on the Register Page with URL Used is :=>https://demo.guru99.com/test/newtours/register.php
2025-03-22 07:25:24 INFO  driverIntializer:22 - User is on the Register Page with URL Used is :=>https://demo.guru99.com/test/newtours/register.php
2025-03-22 15:41:25 INFO  driverIntializer:22 - User is on the Register Page with URL Used is :=>https://demo.guru99.com/test/newtours/register.php
2025-03-22 15:41:26 INFO  com_testcase_datatble:43 - 0
2025-03-22 15:42:55 INFO  driverIntializer:22 - User is on the Register Page with URL Used is :=>https://demo.guru99.com/test/newtours/register.php
2025-03-22 15:42:55 INFO  com_testcase_datatble:43 - 0
2025-03-22 15:43:24 INFO  driverIntializer:22 - User is on the Register Page with URL Used is :=>https://demo.guru99.com/test/newtours/register.php
2025-03-22 15:43:25 INFO  com_testcase_datatble:43 - 27
2025-03-22 16:08:37 INFO  driverIntializer:22 - User is on the Register Page with URL Used is :=>https://demo.guru99.com/test/newtours/register.php
2025-03-22 16:08:37 INFO  com_testcase_datatble:43 - 27
2025-03-22 16:10:19 INFO  driverIntializer:22 - User is on the Register Page with URL Used is :=>https://demo.guru99.com/test/newtours/register.php
2025-03-22 16:10:19 INFO  com_testcase_datatble:43 - 27
2025-03-22 16:19:08 INFO  driverIntializer:22 - User is on the Register Page with URL Used is :=>https://demo.guru99.com/test/newtours/register.php
2025-03-22 16:19:08 INFO  com_testcase_datatble:44 - 27
2025-03-22 16:30:25 INFO  driverIntializer:22 - User is on the Register Page with URL Used is :=>https://demo.guru99.com/test/newtours/register.php
2025-03-22 16:34:36 INFO  driverIntializer:22 - User is on the Register Page with URL Used is :=>https://demo.guru99.com/test/newtours/register.php
2025-03-22 16:37:08 INFO  driverIntializer:22 - User is on the Register Page with URL Used is :=>https://demo.guru99.com/test/newtours/register.php
2025-03-22 16:58:55 INFO  driverIntializer:22 - User is on the Register Page with URL Used is :=>https://demo.guru99.com/test/newtours/register.php
2025-03-22 17:01:30 INFO  driverIntializer:22 - User is on the Register Page with URL Used is :=>https://demo.guru99.com/test/newtours/register.php
2025-03-23 07:27:00 INFO  driverIntializer:22 - User is on the Register Page with URL Used is :=>https://demo.guru99.com/test/newtours/register.php
2025-03-23 07:28:27 INFO  driverIntializer:22 - User is on the Register Page with URL Used is :=>https://demo.guru99.com/test/newtours/register.php
2025-03-23 07:44:07 INFO  driverIntializer:26 - User is on the Register Page with URL Used is :=>https://demo.guru99.com/test/newtours/register.php
2025-03-23 07:44:07 INFO  com_testcase_mousehover:43 - excution started
2025-03-23 07:44:07 INFO  com_testcase_mousehover:45 - mousehover
2025-03-23 07:44:07 INFO  com_testcase_mousehover:47 - mousehover completed
2025-03-23 07:46:15 INFO  driverIntializer:26 - User is on the Register Page with URL Used is :=>https://demo.guru99.com/test/newtours/register.php
2025-03-23 07:46:15 INFO  com_testcase_registerpage:41 - ***************This Steps included adding the data for ContactInformation***************
2025-03-23 07:46:17 INFO  com_testcase_registerpage:42 - User enters Firstname and the Xpath isneelam
2025-03-23 07:46:17 INFO  com_testcase_registerpage:44 - User enters lastname and the Xpath istest
2025-03-23 07:46:18 INFO  com_testcase_registerpage:46 - User enters phone and the Xpath isneelam
2025-03-23 07:46:18 INFO  com_testcase_registerpage:48 - ***************This Steps ended for ContactInformation***************
2025-03-23 07:47:56 INFO  driverIntializer:26 - User is on the Register Page with URL Used is :=>https://demo.guru99.com/test/newtours/register.php
2025-03-23 07:47:56 INFO  com_testcase_registerpage:41 - ***************This Steps included adding the data for ContactInformation***************
2025-03-23 07:47:57 INFO  com_testcase_registerpage:42 - User enters Firstname and the Xpath isneelam
2025-03-23 07:47:57 INFO  com_testcase_registerpage:44 - User enters lastname and the Xpath istest
2025-03-23 07:47:58 INFO  com_testcase_registerpage:46 - User enters phone and the Xpath isneelam
2025-03-23 07:47:58 INFO  com_testcase_registerpage:48 - ***************This Steps ended for ContactInformation***************
2025-03-23 07:49:07 INFO  driverIntializer:26 - User is on the Register Page with URL Used is :=>https://demo.guru99.com/test/newtours/register.php
2025-03-23 07:49:08 INFO  com_testcase_registerpage:41 - ***************This Steps included adding the data for ContactInformation***************
2025-03-23 07:49:10 INFO  com_testcase_registerpage:42 - User enters Firstname and the Xpath isneelam
2025-03-23 07:49:11 INFO  com_testcase_registerpage:44 - User enters lastname and the Xpath istest
2025-03-23 07:49:11 INFO  com_testcase_registerpage:46 - User enters phone and the Xpath isneelam
2025-03-23 07:49:12 INFO  com_testcase_registerpage:48 - ***************This Steps ended for ContactInformation***************
2025-03-23 07:56:05 INFO  driverIntializer:26 - User is on the Register Page with URL Used is :=>https://demo.guru99.com/test/newtours/register.php
2025-03-23 07:56:05 INFO  com_testcase_registerpage:41 - ***************This Steps included adding the data for ContactInformation***************
2025-03-23 07:56:06 INFO  com_testcase_registerpage:42 - User enters Firstname and the Xpath isneelam
2025-03-23 07:56:07 INFO  com_testcase_registerpage:44 - User enters lastname and the Xpath istest
2025-03-23 07:56:07 INFO  com_testcase_registerpage:46 - User enters phone and the Xpath isneelam
2025-03-23 07:56:08 INFO  com_testcase_registerpage:48 - ***************This Steps ended for ContactInformation***************
2025-03-23 08:12:46 INFO  driverIntializer:26 - User is on the Register Page with URL Used is :=>https://demo.guru99.com/test/newtours/register.php
2025-03-23 08:14:33 INFO  driverIntializer:26 - User is on the Register Page with URL Used is :=>https://demo.guru99.com/test/newtours/register.php
2025-03-23 08:15:50 INFO  driverIntializer:26 - User is on the Register Page with URL Used is :=>https://demo.guru99.com/test/newtours/register.php
2025-03-23 08:16:34 INFO  driverIntializer:26 - User is on the Register Page with URL Used is :=>https://demo.guru99.com/test/newtours/register.php
2025-03-23 08:20:41 INFO  driverIntializer:26 - User is on the Register Page with URL Used is :=>https://demo.guru99.com/test/newtours/register.php
2025-03-23 08:28:57 INFO  driverIntializer:26 - User is on the Register Page with URL Used is :=>https://demo.guru99.com/test/newtours/register.php
2025-03-23 08:30:12 INFO  driverIntializer:26 - User is on the Register Page with URL Used is :=>https://demo.guru99.com/test/newtours/register.php
2025-03-29 07:24:31 INFO  driverIntializer:26 - User is on the Register Page with URL Used is :=>https://demo.guru99.com/test/newtours/register.php
2025-03-29 07:25:14 INFO  driverIntializer:26 - User is on the Register Page with URL Used is :=>https://demo.guru99.com/test/newtours/register.php
2025-03-29 07:35:43 INFO  driverIntializer:26 - User is on the Register Page with URL Used is :=>https://demo.guru99.com/test/newtours/register.php
2025-03-29 07:36:29 INFO  driverIntializer:26 - User is on the Register Page with URL Used is :=>https://demo.guru99.com/test/newtours/register.php
2025-03-29 07:39:44 INFO  driverIntializer:26 - User is on the Register Page with URL Used is :=>https://demo.guru99.com/test/newtours/register.php
2025-03-29 07:41:24 INFO  driverIntializer:26 - User is on the Register Page with URL Used is :=>https://demo.guru99.com/test/newtours/register.php
2025-03-29 07:44:54 INFO  driverIntializer:26 - User is on the Register Page with URL Used is :=>https://demo.guru99.com/test/newtours/register.php
2025-03-29 07:45:26 INFO  driverIntializer:26 - User is on the Register Page with URL Used is :=>https://demo.guru99.com/test/newtours/register.php
2025-03-29 07:53:23 INFO  driverIntializer:26 - User is on the Register Page with URL Used is :=>https://demo.guru99.com/test/newtours/register.php
2025-03-29 07:54:17 INFO  driverIntializer:26 - User is on the Register Page with URL Used is :=>https://demo.guru99.com/test/newtours/register.php
2025-03-29 08:02:00 INFO  driverIntializer:26 - User is on the Register Page with URL Used is :=>https://demo.guru99.com/test/newtours/register.php
2025-03-29 08:06:14 INFO  driverIntializer:26 - User is on the Register Page with URL Used is :=>https://demo.guru99.com/test/newtours/register.php
2025-03-29 08:11:25 INFO  driverIntializer:26 - User is on the Register Page with URL Used is :=>https://demo.guru99.com/test/newtours/register.php
2025-03-29 08:13:10 INFO  driverIntializer:26 - User is on the Register Page with URL Used is :=>https://demo.guru99.com/test/newtours/register.php
2025-03-29 08:22:56 INFO  driverIntializer:26 - User is on the Register Page with URL Used is :=>https://demo.guru99.com/test/newtours/register.php
2025-03-29 08:34:02 INFO  driverIntializer:26 - User is on the Register Page with URL Used is :=>https://demo.guru99.com/test/newtours/register.php
2025-03-29 08:49:20 INFO  driverIntializer:26 - User is on the Register Page with URL Used is :=>https://demo.guru99.com/test/newtours/register.php
2025-03-29 08:49:58 INFO  driverIntializer:26 - User is on the Register Page with URL Used is :=>https://demo.guru99.com/test/newtours/register.php
2025-03-29 08:57:53 INFO  driverIntializer:26 - User is on the Register Page with URL Used is :=>https://demo.guru99.com/test/newtours/register.php
2025-03-29 08:59:30 INFO  driverIntializer:26 - User is on the Register Page with URL Used is :=>https://demo.guru99.com/test/newtours/register.php
2025-03-29 09:00:34 INFO  driverIntializer:26 - User is on the Register Page with URL Used is :=>https://demo.guru99.com/test/newtours/register.php
2025-03-29 09:02:14 INFO  driverIntializer:26 - User is on the Register Page with URL Used is :=>https://demo.guru99.com/test/newtours/register.php
2025-03-29 09:03:40 INFO  driverIntializer:26 - User is on the Register Page with URL Used is :=>https://demo.guru99.com/test/newtours/register.php
2025-03-29 09:04:46 INFO  driverIntializer:26 - User is on the Register Page with URL Used is :=>https://demo.guru99.com/test/newtours/register.php
2025-04-05 15:50:31 INFO  driverIntializer:26 - User is on the Register Page with URL Used is :=>https://demo.guru99.com/test/newtours/register.php
2025-04-05 15:50:52 INFO  driverIntializer:26 - User is on the Register Page with URL Used is :=>https://demo.guru99.com/test/newtours/register.php
2025-04-05 15:51:40 INFO  driverIntializer:26 - User is on the Register Page with URL Used is :=>https://demo.guru99.com/test/newtours/register.php
2025-04-05 15:54:50 INFO  driverIntializer:26 - User is on the Register Page with URL Used is :=>https://demo.guru99.com/test/newtours/register.php
2025-04-05 16:07:28 INFO  driverIntializer:26 - User is on the Register Page with URL Used is :=>https://demo.guru99.com/test/newtours/register.php
2025-04-12 08:06:03 INFO  driverIntializer:26 - User is on the Register Page with URL Used is :=>https://demo.guru99.com/test/newtours/register.php
2025-04-12 08:06:04 INFO  com_testcase_registerpage:41 - ***************This Steps included adding the data for ContactInformation***************
2025-04-12 08:06:07 INFO  com_testcase_registerpage:42 - User enters Firstname and the Xpath isneelam
2025-04-12 08:06:09 INFO  com_testcase_registerpage:44 - User enters lastname and the Xpath istest
2025-04-12 08:06:10 INFO  com_testcase_registerpage:46 - User enters phone and the Xpath isneelam
2025-04-12 08:06:10 INFO  com_testcase_registerpage:48 - ***************This Steps ended for ContactInformation***************
2025-04-19 08:28:26 INFO  driverIntializer:26 - User is on the Register Page with URL Used is :=>https://demo.guru99.com/test/newtours/register.php
2025-04-19 08:41:19 INFO  driverIntializer:26 - User is on the Register Page with URL Used is :=>https://demo.guru99.com/test/newtours/register.php
2025-04-19 08:42:22 INFO  driverIntializer:26 - User is on the Register Page with URL Used is :=>https://demo.guru99.com/test/newtours/register.php
2025-04-19 08:54:26 INFO  driverIntializer:26 - User is on the Register Page with URL Used is :=>https://demo.guru99.com/test/newtours/register.php
2025-04-19 08:56:29 INFO  driverIntializer:26 - User is on the Register Page with URL Used is :=>https://demo.guru99.com/test/newtours/register.php
